<?xml version="1.0" encoding="UTF-8"?>
<robot generator="Robot 7.0 (Python 3.12.3 on win32)" generated="2024-04-17T10:30:49.349668" rpa="false" schemaversion="5">
<suite id="s1" name="Tmpf Pzdvl" source="C:\Users\saiga\AppData\Local\Temp\tmpf_pzdvl_.robot">
<test id="s1-t1" name="Open google.com" line="5">
<kw name="Open Browser" owner="SeleniumLibrary">
<arg>https://google.com</arg>
<doc>Opens a new browser instance to the optional ``url``.</doc>
<status status="PASS" start="2024-04-17T10:30:49.539298" elapsed="7.839392"/>
</kw>
<kw name="Go To" owner="SeleniumLibrary">
<arg>https://google.com</arg>
<doc>Navigates the current browser window to the provided ``url``.</doc>
<status status="PASS" start="2024-04-17T10:30:57.378690" elapsed="0.732992"/>
</kw>
<status status="PASS" start="2024-04-17T10:30:49.538233" elapsed="8.573449"/>
</test>
<status status="PASS" start="2024-04-17T10:30:49.350668" elapsed="8.762015"/>
</suite>
<statistics>
<total>
<stat pass="1" fail="0" skip="0">All Tests</stat>
</total>
<tag>
</tag>
<suite>
<stat pass="1" fail="0" skip="0" id="s1" name="Tmpf Pzdvl">Tmpf Pzdvl</stat>
</suite>
</statistics>
<errors>
</errors>
</robot>
